Starting Vivado...

****** Vivado v2020.2 (64-bit)
  **** SW Build 3064766 on Wed Nov 18 09:12:45 MST 2020
  **** IP Build 3064653 on Wed Nov 18 14:17:31 MST 2020
    ** Copyright 1986-2020 Xilinx, Inc. All Rights Reserved.

source {E:\comp struc\project\alu2\work\project.tcl}
# set projDir "E:/comp\ struc/project/alu2/work/vivado"
# set projName "alu2"
# set topName top
# set device xc7a35tftg256-1
# if {[file exists "$projDir/$projName"]} { file delete -force "$projDir/$projName" }
# create_project $projName "$projDir/$projName" -part $device
# set_property design_mode RTL [get_filesets sources_1]
# set verilogSources [list "E:/comp\ struc/project/alu2/work/verilog/au_top_0.v" "E:/comp\ struc/project/alu2/work/verilog/fsm_combine_1.v" "E:/comp\ struc/project/alu2/work/verilog/reset_conditioner_2.v" "E:/comp\ struc/project/alu2/work/verilog/input_mode_3.v" "E:/comp\ struc/project/alu2/work/verilog/fsm_test_4.v" "E:/comp\ struc/project/alu2/work/verilog/button_conditioner_5.v" "E:/comp\ struc/project/alu2/work/verilog/edge_detector_6.v" "E:/comp\ struc/project/alu2/work/verilog/multi_seven_seg_7.v" "E:/comp\ struc/project/alu2/work/verilog/time_countdown_8.v" "E:/comp\ struc/project/alu2/work/verilog/random_choose_9.v" "E:/comp\ struc/project/alu2/work/verilog/alu_10.v" "E:/comp\ struc/project/alu2/work/verilog/counter_11.v" "E:/comp\ struc/project/alu2/work/verilog/rom_12.v" "E:/comp\ struc/project/alu2/work/verilog/pipeline_13.v" "E:/comp\ struc/project/alu2/work/verilog/counter_14.v" "E:/comp\ struc/project/alu2/work/verilog/seven_seg_15.v" "E:/comp\ struc/project/alu2/work/verilog/decoder_16.v" "E:/comp\ struc/project/alu2/work/verilog/pn_gen_17.v" "E:/comp\ struc/project/alu2/work/verilog/random_rom_18.v" "E:/comp\ struc/project/alu2/work/verilog/adder_19.v" "E:/comp\ struc/project/alu2/work/verilog/comparator_20.v" "E:/comp\ struc/project/alu2/work/verilog/boolean_21.v" "E:/comp\ struc/project/alu2/work/verilog/shifter_22.v" "E:/comp\ struc/project/alu2/work/verilog/flip_23.v" "E:/comp\ struc/project/alu2/work/verilog/find_neighbor_24.v" ]
# import_files -fileset [get_filesets sources_1] -force -norecurse $verilogSources
# set xdcSources [list "E:/comp\ struc/project/alu2/work/constraint/alchitry.xdc" "E:/comp\ struc/project/alu2/work/constraint/io.xdc" "E:/comp\ struc/library/components/au.xdc" ]
# read_xdc $xdcSources
# set_property STEPS.WRITE_BITSTREAM.ARGS.BIN_FILE true [get_runs impl_1]
# update_compile_order -fileset sources_1
# launch_runs -runs synth_1 -jobs 8

[Tue Mar 15 17:19:52 2022] Launched synth_1...
Run output will be captured here: E:/comp struc/project/alu2/work/vivado/alu2/alu2.runs/synth_1/runme.log
# wait_on_run synth_1
[Tue Mar 15 17:19:52 2022] Waiting for synth_1 to finish...

*** Running vivado
    with args -log au_top_0.vds -m64 -product Vivado -mode batch -messageDb vivado.pb -notrace -source au_top_0.tcl



****** Vivado v2020.2 (64-bit)
  **** SW Build 3064766 on Wed Nov 18 09:12:45 MST 2020
  **** IP Build 3064653 on Wed Nov 18 14:17:31 MST 2020
    ** Copyright 1986-2020 Xilinx, Inc. All Rights Reserved.

source au_top_0.tcl -notrace
Command: synth_design -top au_top_0 -part xc7a35tftg256-1
Starting synth_design
Attempting to get a license for feature 'Synthesis' and/or device 'xc7a35t'
INFO: [Common 17-349] Got license for feature 'Synthesis' and/or device 'xc7a35t'
INFO: [Device 21-403] Loading part xc7a35tftg256-1
INFO: [Synth 8-7079] Multithreading enabled for synth_design using a maximum of 2 processes.
INFO: [Synth 8-7078] Launching helper process for spawning children vivado processes
INFO: [Synth 8-7075] Helper process launched with PID 24156
---------------------------------------------------------------------------------
Starting RTL Elaboration : Time (s): cpu = 00:00:07 ; elapsed = 00:00:08 . Memory (MB): peak = 999.004 ; gain = 0.000
---------------------------------------------------------------------------------
INFO: [Synth 8-6157] synthesizing module 'au_top_0' [E:/comp struc/project/alu2/work/vivado/alu2/alu2.srcs/sources_1/imports/verilog/au_top_0.v:7]
INFO: [Synth 8-6157] synthesizing module 'fsm_combine_1' [E:/comp struc/project/alu2/work/vivado/alu2/alu2.srcs/sources_1/imports/verilog/fsm_combine_1.v:7]
	Parameter S0_changemode bound to: 2'b00 
	Parameter S1_changemode bound to: 2'b01 
	Parameter S2_changemode bound to: 2'b10 
	Parameter S3_changemode bound to: 2'b11 
INFO: [Synth 8-6157] synthesizing module 'button_conditioner_5' [E:/comp struc/project/alu2/work/vivado/alu2/alu2.srcs/sources_1/imports/verilog/button_conditioner_5.v:13]
	Parameter CLK_FREQ bound to: 26'b10111110101111000010000000 
	Parameter MIN_DELAY bound to: 5'b10100 
	Parameter NUM_SYNC bound to: 2'b10 
INFO: [Synth 8-6157] synthesizing module 'pipeline_13' [E:/comp struc/project/alu2/work/vivado/alu2/alu2.srcs/sources_1/imports/verilog/pipeline_13.v:11]
	Parameter DEPTH bound to: 2'b10 
INFO: [Synth 8-6155] done synthesizing module 'pipeline_13' (1#1) [E:/comp struc/project/alu2/work/vivado/alu2/alu2.srcs/sources_1/imports/verilog/pipeline_13.v:11]
INFO: [Synth 8-6155] done synthesizing module 'button_conditioner_5' (2#1) [E:/comp struc/project/alu2/work/vivado/alu2/alu2.srcs/sources_1/imports/verilog/button_conditioner_5.v:13]
INFO: [Synth 8-6157] synthesizing module 'edge_detector_6' [E:/comp struc/project/alu2/work/vivado/alu2/alu2.srcs/sources_1/imports/verilog/edge_detector_6.v:12]
	Parameter RISE bound to: 1'b1 
	Parameter FALL bound to: 1'b0 
INFO: [Synth 8-6155] done synthesizing module 'edge_detector_6' (3#1) [E:/comp struc/project/alu2/work/vivado/alu2/alu2.srcs/sources_1/imports/verilog/edge_detector_6.v:12]
INFO: [Synth 8-6157] synthesizing module 'input_mode_3' [E:/comp struc/project/alu2/work/vivado/alu2/alu2.srcs/sources_1/imports/verilog/input_mode_3.v:7]
INFO: [Synth 8-6157] synthesizing module 'alu_10' [E:/comp struc/project/alu2/work/vivado/alu2/alu2.srcs/sources_1/imports/verilog/alu_10.v:7]
INFO: [Synth 8-6157] synthesizing module 'adder_19' [E:/comp struc/project/alu2/work/vivado/alu2/alu2.srcs/sources_1/imports/verilog/adder_19.v:7]
INFO: [Synth 8-226] default block is never used [E:/comp struc/project/alu2/work/vivado/alu2/alu2.srcs/sources_1/imports/verilog/adder_19.v:24]
INFO: [Synth 8-6155] done synthesizing module 'adder_19' (4#1) [E:/comp struc/project/alu2/work/vivado/alu2/alu2.srcs/sources_1/imports/verilog/adder_19.v:7]
INFO: [Synth 8-6157] synthesizing module 'comparator_20' [E:/comp struc/project/alu2/work/vivado/alu2/alu2.srcs/sources_1/imports/verilog/comparator_20.v:7]
INFO: [Synth 8-6155] done synthesizing module 'comparator_20' (5#1) [E:/comp struc/project/alu2/work/vivado/alu2/alu2.srcs/sources_1/imports/verilog/comparator_20.v:7]
INFO: [Synth 8-6157] synthesizing module 'boolean_21' [E:/comp struc/project/alu2/work/vivado/alu2/alu2.srcs/sources_1/imports/verilog/boolean_21.v:7]
INFO: [Synth 8-6155] done synthesizing module 'boolean_21' (6#1) [E:/comp struc/project/alu2/work/vivado/alu2/alu2.srcs/sources_1/imports/verilog/boolean_21.v:7]
INFO: [Synth 8-6157] synthesizing module 'shifter_22' [E:/comp struc/project/alu2/work/vivado/alu2/alu2.srcs/sources_1/imports/verilog/shifter_22.v:7]
INFO: [Synth 8-6155] done synthesizing module 'shifter_22' (7#1) [E:/comp struc/project/alu2/work/vivado/alu2/alu2.srcs/sources_1/imports/verilog/shifter_22.v:7]
INFO: [Synth 8-6157] synthesizing module 'flip_23' [E:/comp struc/project/alu2/work/vivado/alu2/alu2.srcs/sources_1/imports/verilog/flip_23.v:7]
INFO: [Synth 8-6157] synthesizing module 'find_neighbor_24' [E:/comp struc/project/alu2/work/vivado/alu2/alu2.srcs/sources_1/imports/verilog/find_neighbor_24.v:7]
INFO: [Synth 8-6155] done synthesizing module 'find_neighbor_24' (8#1) [E:/comp struc/project/alu2/work/vivado/alu2/alu2.srcs/sources_1/imports/verilog/find_neighbor_24.v:7]
INFO: [Synth 8-6155] done synthesizing module 'flip_23' (9#1) [E:/comp struc/project/alu2/work/vivado/alu2/alu2.srcs/sources_1/imports/verilog/flip_23.v:7]
INFO: [Synth 8-226] default block is never used [E:/comp struc/project/alu2/work/vivado/alu2/alu2.srcs/sources_1/imports/verilog/alu_10.v:107]
INFO: [Synth 8-6155] done synthesizing module 'alu_10' (10#1) [E:/comp struc/project/alu2/work/vivado/alu2/alu2.srcs/sources_1/imports/verilog/alu_10.v:7]
INFO: [Synth 8-6155] done synthesizing module 'input_mode_3' (11#1) [E:/comp struc/project/alu2/work/vivado/alu2/alu2.srcs/sources_1/imports/verilog/input_mode_3.v:7]
INFO: [Synth 8-6157] synthesizing module 'fsm_test_4' [E:/comp struc/project/alu2/work/vivado/alu2/alu2.srcs/sources_1/imports/verilog/fsm_test_4.v:7]
	Parameter S0_fsm_t bound to: 5'b00000 
	Parameter S1_fsm_t bound to: 5'b00001 
	Parameter S2_fsm_t bound to: 5'b00010 
	Parameter S3_fsm_t bound to: 5'b00011 
	Parameter S4_fsm_t bound to: 5'b00100 
	Parameter S5_fsm_t bound to: 5'b00101 
	Parameter S6_fsm_t bound to: 5'b00110 
	Parameter S7_fsm_t bound to: 5'b00111 
	Parameter S8_fsm_t bound to: 5'b01000 
	Parameter S9_fsm_t bound to: 5'b01001 
	Parameter S10_fsm_t bound to: 5'b01010 
	Parameter S11_fsm_t bound to: 5'b01011 
	Parameter S12_fsm_t bound to: 5'b01100 
	Parameter S13_fsm_t bound to: 5'b01101 
	Parameter S14_fsm_t bound to: 5'b01110 
	Parameter S15_fsm_t bound to: 5'b01111 
	Parameter S16_fsm_t bound to: 5'b10000 
	Parameter S17_fsm_t bound to: 5'b10001 
	Parameter S18_fsm_t bound to: 5'b10010 
	Parameter S19_fsm_t bound to: 5'b10011 
	Parameter S20_fsm_t bound to: 5'b10100 
INFO: [Synth 8-6157] synthesizing module 'counter_11' [E:/comp struc/project/alu2/work/vivado/alu2/alu2.srcs/sources_1/imports/verilog/counter_11.v:14]
	Parameter SIZE bound to: 1'b1 
	Parameter DIV bound to: 5'b11010 
	Parameter TOP bound to: 1'b0 
	Parameter UP bound to: 1'b1 
	Parameter MAX_VALUE bound to: 27'b011111111111111111111111111 
INFO: [Synth 8-6155] done synthesizing module 'counter_11' (12#1) [E:/comp struc/project/alu2/work/vivado/alu2/alu2.srcs/sources_1/imports/verilog/counter_11.v:14]
INFO: [Synth 8-6157] synthesizing module 'rom_12' [E:/comp struc/project/alu2/work/vivado/alu2/alu2.srcs/sources_1/imports/verilog/rom_12.v:7]
	Parameter A bound to: 336'b000000000000000100000000000000011000000000000000011111111111111100000000000011110000000000001111000000000000111110100101111100001010010111110000101001011111000000000000000000010000000001111111100000000000000100000001000000000000000000000010111101011010111111110101101011111000101000001111000001010101111110001010000011110000000000010101 
	Parameter B bound to: 336'b000000000000001000000000000000100111111111111111011111111111111100000000000001010000000000000101000000000000010111110101101011111111010110101111111101011010111100000000000000110000000000000101000000000000001100000000000000000000000110110111000110100001010111110101101011111111010110101111100010100000111100000101010111110000010110000000 
	Parameter AL bound to: 126'b000000000001000001000000011000011110010110011000011110010110100000100001100011111111111111110011110011110101110101110111000010 
	Parameter ZVN bound to: 66'b000001011011000000000000000000000000000000000000000000000000000000 
	Parameter O bound to: 336'b000000000000001111111111111111110000000000000001111111111111111000000000000001010000000000001111000000000000101010100101101000001111010111111111010100000101111100000000000010000000000000000011111100000000000000000001101000000000000110100000000000000000000000000000000000010000000000000001000000000000000000000000000000010111001110000000 
INFO: [Synth 8-6155] done synthesizing module 'rom_12' (13#1) [E:/comp struc/project/alu2/work/vivado/alu2/alu2.srcs/sources_1/imports/verilog/rom_12.v:7]
INFO: [Synth 8-155] case statement is not full and has no default [E:/comp struc/project/alu2/work/vivado/alu2/alu2.srcs/sources_1/imports/verilog/fsm_test_4.v:117]
INFO: [Synth 8-6155] done synthesizing module 'fsm_test_4' (14#1) [E:/comp struc/project/alu2/work/vivado/alu2/alu2.srcs/sources_1/imports/verilog/fsm_test_4.v:7]
INFO: [Synth 8-6157] synthesizing module 'multi_seven_seg_7' [E:/comp struc/project/alu2/work/vivado/alu2/alu2.srcs/sources_1/imports/verilog/multi_seven_seg_7.v:12]
	Parameter DIGITS bound to: 3'b100 
	Parameter DIV bound to: 5'b10000 
	Parameter DIGIT_BITS bound to: 2'b10 
INFO: [Synth 8-6157] synthesizing module 'counter_14' [E:/comp struc/project/alu2/work/vivado/alu2/alu2.srcs/sources_1/imports/verilog/counter_14.v:14]
	Parameter SIZE bound to: 2'b10 
	Parameter DIV bound to: 5'b10000 
	Parameter TOP bound to: 4'b0011 
	Parameter UP bound to: 1'b1 
	Parameter MAX_VALUE bound to: 20'b00111111111111111111 
INFO: [Synth 8-6155] done synthesizing module 'counter_14' (15#1) [E:/comp struc/project/alu2/work/vivado/alu2/alu2.srcs/sources_1/imports/verilog/counter_14.v:14]
INFO: [Synth 8-6157] synthesizing module 'seven_seg_15' [E:/comp struc/project/alu2/work/vivado/alu2/alu2.srcs/sources_1/imports/verilog/seven_seg_15.v:7]
INFO: [Synth 8-6155] done synthesizing module 'seven_seg_15' (16#1) [E:/comp struc/project/alu2/work/vivado/alu2/alu2.srcs/sources_1/imports/verilog/seven_seg_15.v:7]
INFO: [Synth 8-6157] synthesizing module 'decoder_16' [E:/comp struc/project/alu2/work/vivado/alu2/alu2.srcs/sources_1/imports/verilog/decoder_16.v:11]
	Parameter WIDTH bound to: 2'b10 
INFO: [Synth 8-6155] done synthesizing module 'decoder_16' (17#1) [E:/comp struc/project/alu2/work/vivado/alu2/alu2.srcs/sources_1/imports/verilog/decoder_16.v:11]
INFO: [Synth 8-6155] done synthesizing module 'multi_seven_seg_7' (18#1) [E:/comp struc/project/alu2/work/vivado/alu2/alu2.srcs/sources_1/imports/verilog/multi_seven_seg_7.v:12]
INFO: [Synth 8-6157] synthesizing module 'time_countdown_8' [E:/comp struc/project/alu2/work/vivado/alu2/alu2.srcs/sources_1/imports/verilog/time_countdown_8.v:7]
INFO: [Synth 8-6155] done synthesizing module 'time_countdown_8' (19#1) [E:/comp struc/project/alu2/work/vivado/alu2/alu2.srcs/sources_1/imports/verilog/time_countdown_8.v:7]
INFO: [Synth 8-6157] synthesizing module 'random_choose_9' [E:/comp struc/project/alu2/work/vivado/alu2/alu2.srcs/sources_1/imports/verilog/random_choose_9.v:7]
INFO: [Synth 8-6157] synthesizing module 'pn_gen_17' [E:/comp struc/project/alu2/work/vivado/alu2/alu2.srcs/sources_1/imports/verilog/pn_gen_17.v:11]
	Parameter SEED bound to: 128'b10000100001100100011001101010010001110100110000100111001011001100100001000111011011000100010010101100010010110010010110001100010 
INFO: [Synth 8-6155] done synthesizing module 'pn_gen_17' (20#1) [E:/comp struc/project/alu2/work/vivado/alu2/alu2.srcs/sources_1/imports/verilog/pn_gen_17.v:11]
INFO: [Synth 8-6157] synthesizing module 'random_rom_18' [E:/comp struc/project/alu2/work/vivado/alu2/alu2.srcs/sources_1/imports/verilog/random_rom_18.v:7]
	Parameter NUM bound to: 305419896 - type: integer 
INFO: [Synth 8-6155] done synthesizing module 'random_rom_18' (21#1) [E:/comp struc/project/alu2/work/vivado/alu2/alu2.srcs/sources_1/imports/verilog/random_rom_18.v:7]
INFO: [Synth 8-6155] done synthesizing module 'random_choose_9' (22#1) [E:/comp struc/project/alu2/work/vivado/alu2/alu2.srcs/sources_1/imports/verilog/random_choose_9.v:7]
INFO: [Synth 8-226] default block is never used [E:/comp struc/project/alu2/work/vivado/alu2/alu2.srcs/sources_1/imports/verilog/fsm_combine_1.v:136]
INFO: [Synth 8-6155] done synthesizing module 'fsm_combine_1' (23#1) [E:/comp struc/project/alu2/work/vivado/alu2/alu2.srcs/sources_1/imports/verilog/fsm_combine_1.v:7]
INFO: [Synth 8-6157] synthesizing module 'reset_conditioner_2' [E:/comp struc/project/alu2/work/vivado/alu2/alu2.srcs/sources_1/imports/verilog/reset_conditioner_2.v:11]
	Parameter STAGES bound to: 3'b100 
INFO: [Synth 8-6155] done synthesizing module 'reset_conditioner_2' (24#1) [E:/comp struc/project/alu2/work/vivado/alu2/alu2.srcs/sources_1/imports/verilog/reset_conditioner_2.v:11]
INFO: [Synth 8-6155] done synthesizing module 'au_top_0' (25#1) [E:/comp struc/project/alu2/work/vivado/alu2/alu2.srcs/sources_1/imports/verilog/au_top_0.v:7]
---------------------------------------------------------------------------------
Finished RTL Elaboration : Time (s): cpu = 00:00:09 ; elapsed = 00:00:10 . Memory (MB): peak = 999.004 ; gain = 0.000
---------------------------------------------------------------------------------
---------------------------------------------------------------------------------
Start Handling Custom Attributes
---------------------------------------------------------------------------------
---------------------------------------------------------------------------------
Finished Handling Custom Attributes : Time (s): cpu = 00:00:10 ; elapsed = 00:00:11 . Memory (MB): peak = 999.004 ; gain = 0.000
---------------------------------------------------------------------------------
---------------------------------------------------------------------------------
Finished RTL Optimization Phase 1 : Time (s): cpu = 00:00:10 ; elapsed = 00:00:11 . Memory (MB): peak = 999.004 ; gain = 0.000
---------------------------------------------------------------------------------
Netlist sorting complete. Time (s): cpu = 00:00:00 ; elapsed = 00:00:00.030 . Memory (MB): peak = 999.004 ; gain = 0.000
INFO: [Project 1-570] Preparing netlist for logic optimization

Processing XDC Constraints
Initializing timing engine
Parsing XDC File [E:/comp struc/project/alu2/work/constraint/alchitry.xdc]
Finished Parsing XDC File [E:/comp struc/project/alu2/work/constraint/alchitry.xdc]
INFO: [Project 1-236] Implementation specific constraints were found while reading constraint file [E:/comp struc/project/alu2/work/constraint/alchitry.xdc]. These constraints will be ignored for synthesis but will be used in implementation. Impacted constraints are listed in the file [.Xil/au_top_0_propImpl.xdc].
Resolution: To avoid this warning, move constraints listed in [.Xil/au_top_0_propImpl.xdc] to another XDC file and exclude this new file from synthesis with the used_in_synthesis property (File Properties dialog in GUI) and re-run elaboration/synthesis.
Parsing XDC File [E:/comp struc/project/alu2/work/constraint/io.xdc]
Finished Parsing XDC File [E:/comp struc/project/alu2/work/constraint/io.xdc]
INFO: [Project 1-236] Implementation specific constraints were found while reading constraint file [E:/comp struc/project/alu2/work/constraint/io.xdc]. These constraints will be ignored for synthesis but will be used in implementation. Impacted constraints are listed in the file [.Xil/au_top_0_propImpl.xdc].
Resolution: To avoid this warning, move constraints listed in [.Xil/au_top_0_propImpl.xdc] to another XDC file and exclude this new file from synthesis with the used_in_synthesis property (File Properties dialog in GUI) and re-run elaboration/synthesis.
Parsing XDC File [E:/comp struc/library/components/au.xdc]
Finished Parsing XDC File [E:/comp struc/library/components/au.xdc]
Completed Processing XDC Constraints

Netlist sorting complete. Time (s): cpu = 00:00:00 ; elapsed = 00:00:00.001 . Memory (MB): peak = 999.004 ; gain = 0.000
INFO: [Project 1-111] Unisim Transformation Summary:
No Unisim elements were transformed.

Constraint Validation Runtime : Time (s): cpu = 00:00:00 ; elapsed = 00:00:00.011 . Memory (MB): peak = 999.004 ; gain = 0.000
---------------------------------------------------------------------------------
Finished Constraint Validation : Time (s): cpu = 00:00:19 ; elapsed = 00:00:21 . Memory (MB): peak = 999.004 ; gain = 0.000
---------------------------------------------------------------------------------
---------------------------------------------------------------------------------
Start Loading Part and Timing Information
---------------------------------------------------------------------------------
Loading part: xc7a35tftg256-1
---------------------------------------------------------------------------------
Finished Loading Part and Timing Information : Time (s): cpu = 00:00:19 ; elapsed = 00:00:21 . Memory (MB): peak = 999.004 ; gain = 0.000
---------------------------------------------------------------------------------
---------------------------------------------------------------------------------
Start Applying 'set_property' XDC Constraints
---------------------------------------------------------------------------------
---------------------------------------------------------------------------------
Finished applying 'set_property' XDC Constraints : Time (s): cpu = 00:00:19 ; elapsed = 00:00:21 . Memory (MB): peak = 999.004 ; gain = 0.000
---------------------------------------------------------------------------------
INFO: [Synth 8-802] inferred FSM for state register 'M_fsm_t_q_reg' in module 'fsm_test_4'
INFO: [Synth 8-802] inferred FSM for state register 'M_changemode_q_reg' in module 'fsm_combine_1'
WARNING: [Synth 8-327] inferring latch for variable 's_reg' [E:/comp struc/project/alu2/work/vivado/alu2/alu2.srcs/sources_1/imports/verilog/comparator_20.v:21]
---------------------------------------------------------------------------------------------------
                   State |                     New Encoding |                Previous Encoding 
---------------------------------------------------------------------------------------------------
                S0_fsm_t |            000000000000000000001 |                            00000
                S1_fsm_t |            000000000000000000010 |                            00001
                S2_fsm_t |            000000000000000000100 |                            00010
                S3_fsm_t |            000000000000000001000 |                            00011
                S4_fsm_t |            000000000000000010000 |                            00100
                S5_fsm_t |            000000000000000100000 |                            00101
                S6_fsm_t |            000000000000001000000 |                            00110
                S7_fsm_t |            000000000000010000000 |                            00111
                S8_fsm_t |            000000000000100000000 |                            01000
                S9_fsm_t |            000000000001000000000 |                            01001
               S10_fsm_t |            000000000010000000000 |                            01010
               S11_fsm_t |            000000000100000000000 |                            01011
               S12_fsm_t |            000000001000000000000 |                            01100
               S13_fsm_t |            000000010000000000000 |                            01101
               S14_fsm_t |            000000100000000000000 |                            01110
               S15_fsm_t |            000001000000000000000 |                            01111
               S16_fsm_t |            000010000000000000000 |                            10000
               S17_fsm_t |            000100000000000000000 |                            10001
               S18_fsm_t |            001000000000000000000 |                            10010
               S19_fsm_t |            010000000000000000000 |                            10011
               S20_fsm_t |            100000000000000000000 |                            10100
---------------------------------------------------------------------------------------------------
INFO: [Synth 8-3354] encoded FSM with state register 'M_fsm_t_q_reg' using encoding 'one-hot' in module 'fsm_test_4'
---------------------------------------------------------------------------------------------------
                   State |                     New Encoding |                Previous Encoding 
---------------------------------------------------------------------------------------------------
           S0_changemode |                               00 |                               00
           S1_changemode |                               01 |                               01
           S2_changemode |                               10 |                               10
           S3_changemode |                               11 |                               11
---------------------------------------------------------------------------------------------------
INFO: [Synth 8-3354] encoded FSM with state register 'M_changemode_q_reg' using encoding 'sequential' in module 'fsm_combine_1'
---------------------------------------------------------------------------------
Finished RTL Optimization Phase 2 : Time (s): cpu = 00:00:21 ; elapsed = 00:00:23 . Memory (MB): peak = 999.004 ; gain = 0.000
---------------------------------------------------------------------------------
---------------------------------------------------------------------------------
Start RTL Component Statistics 
---------------------------------------------------------------------------------
Detailed RTL Component Info : 
+---Adders : 
	   2 Input   18 Bit       Adders := 1     
	   3 Input   16 Bit       Adders := 2     
	   2 Input    4 Bit       Adders := 3     
+---XORs : 
	   2 Input     32 Bit         XORs := 2     
	   4 Input     32 Bit         XORs := 1     
	   2 Input     16 Bit         XORs := 4     
	   2 Input      1 Bit         XORs := 4     
+---Registers : 
	               32 Bit    Registers := 4     
	               18 Bit    Registers := 1     
	               16 Bit    Registers := 3     
	                6 Bit    Registers := 1     
	                4 Bit    Registers := 4     
	                3 Bit    Registers := 1     
	                2 Bit    Registers := 5     
	                1 Bit    Registers := 5     
+---Muxes : 
	   2 Input   32 Bit        Muxes := 1     
	   2 Input   18 Bit        Muxes := 1     
	   2 Input   16 Bit        Muxes := 11    
	   4 Input   16 Bit        Muxes := 12    
	  10 Input   16 Bit        Muxes := 2     
	   3 Input   16 Bit        Muxes := 2     
	   2 Input   12 Bit        Muxes := 1     
	   2 Input    8 Bit        Muxes := 1     
	  21 Input    5 Bit        Muxes := 1     
	   4 Input    4 Bit        Muxes := 2     
	   3 Input    3 Bit        Muxes := 1     
	   5 Input    2 Bit        Muxes := 2     
	   3 Input    2 Bit        Muxes := 2     
	   4 Input    2 Bit        Muxes := 1     
	   2 Input    2 Bit        Muxes := 1     
	   2 Input    1 Bit        Muxes := 5     
	  21 Input    1 Bit        Muxes := 1     
---------------------------------------------------------------------------------
Finished RTL Component Statistics 
---------------------------------------------------------------------------------
---------------------------------------------------------------------------------
Start Part Resource Summary
---------------------------------------------------------------------------------
Part Resources:
DSPs: 90 (col length:60)
BRAMs: 100 (col length: RAMB18 60 RAMB36 30)
---------------------------------------------------------------------------------
Finished Part Resource Summary
---------------------------------------------------------------------------------
---------------------------------------------------------------------------------
Start Cross Boundary and Area Optimization
---------------------------------------------------------------------------------
DSP Report: Generating DSP fsmc/fsmt/aluUnit/out0, operation Mode is: A*B.
DSP Report: operator fsmc/fsmt/aluUnit/out0 is absorbed into DSP fsmc/fsmt/aluUnit/out0.
DSP Report: Generating DSP fsmc/inmode/aluUnit/out0, operation Mode is: A2*B2.
DSP Report: register fsmc/inmode/M_bstore_q_reg is absorbed into DSP fsmc/inmode/aluUnit/out0.
DSP Report: register fsmc/inmode/M_astore_q_reg is absorbed into DSP fsmc/inmode/aluUnit/out0.
DSP Report: operator fsmc/inmode/aluUnit/out0 is absorbed into DSP fsmc/inmode/aluUnit/out0.
---------------------------------------------------------------------------------
Finished Cross Boundary and Area Optimization : Time (s): cpu = 00:00:36 ; elapsed = 00:00:39 . Memory (MB): peak = 999.004 ; gain = 0.000
---------------------------------------------------------------------------------
---------------------------------------------------------------------------------
Start ROM, RAM, DSP, Shift Register and Retiming Reporting
---------------------------------------------------------------------------------

DSP: Preliminary Mapping	Report (see note below)
+------------+-------------+--------+--------+--------+--------+--------+------+------+------+------+-------+------+------+
|Module Name | DSP Mapping | A Size | B Size | C Size | D Size | P Size | AREG | BREG | CREG | DREG | ADREG | MREG | PREG | 
+------------+-------------+--------+--------+--------+--------+--------+------+------+------+------+-------+------+------+
|alu_10      | A*B         | 16     | 16     | -      | -      | 32     | 0    | 0    | -    | -    | -     | 0    | 0    | 
|au_top_0    | A2*B2       | 16     | 16     | -      | -      | 32     | 1    | 1    | -    | -    | -     | 0    | 0    | 
+------------+-------------+--------+--------+--------+--------+--------+------+------+------+------+-------+------+------+

Note: The table above is a preliminary report that shows the DSPs inferred at the current stage of the synthesis flow. Some DSP may be reimplemented as non DSP primitives later in the synthesis flow. Multiple instantiated DSPs are reported only once.
---------------------------------------------------------------------------------
Finished ROM, RAM, DSP, Shift Register and Retiming Reporting
---------------------------------------------------------------------------------
---------------------------------------------------------------------------------
Start Applying XDC Timing Constraints
---------------------------------------------------------------------------------
---------------------------------------------------------------------------------
Finished Applying XDC Timing Constraints : Time (s): cpu = 00:00:51 ; elapsed = 00:00:54 . Memory (MB): peak = 1010.801 ; gain = 11.797
---------------------------------------------------------------------------------
---------------------------------------------------------------------------------
Start Timing Optimization
---------------------------------------------------------------------------------
---------------------------------------------------------------------------------
Finished Timing Optimization : Time (s): cpu = 00:01:01 ; elapsed = 00:01:04 . Memory (MB): peak = 1182.426 ; gain = 183.422
---------------------------------------------------------------------------------
---------------------------------------------------------------------------------
Start Technology Mapping
---------------------------------------------------------------------------------
---------------------------------------------------------------------------------
Finished Technology Mapping : Time (s): cpu = 00:01:02 ; elapsed = 00:01:05 . Memory (MB): peak = 1192.492 ; gain = 193.488
---------------------------------------------------------------------------------
---------------------------------------------------------------------------------
Start IO Insertion
---------------------------------------------------------------------------------
---------------------------------------------------------------------------------
Start Flattening Before IO Insertion
---------------------------------------------------------------------------------
---------------------------------------------------------------------------------
Finished Flattening Before IO Insertion
---------------------------------------------------------------------------------
---------------------------------------------------------------------------------
Start Final Netlist Cleanup
---------------------------------------------------------------------------------
---------------------------------------------------------------------------------
Finished Final Netlist Cleanup
---------------------------------------------------------------------------------
---------------------------------------------------------------------------------
Finished IO Insertion : Time (s): cpu = 00:01:06 ; elapsed = 00:01:10 . Memory (MB): peak = 1192.492 ; gain = 193.488
---------------------------------------------------------------------------------
---------------------------------------------------------------------------------
Start Renaming Generated Instances
---------------------------------------------------------------------------------
---------------------------------------------------------------------------------
Finished Renaming Generated Instances : Time (s): cpu = 00:01:06 ; elapsed = 00:01:10 . Memory (MB): peak = 1192.492 ; gain = 193.488
---------------------------------------------------------------------------------
---------------------------------------------------------------------------------
Start Rebuilding User Hierarchy
---------------------------------------------------------------------------------
---------------------------------------------------------------------------------
Finished Rebuilding User Hierarchy : Time (s): cpu = 00:01:06 ; elapsed = 00:01:10 . Memory (MB): peak = 1192.492 ; gain = 193.488
---------------------------------------------------------------------------------
---------------------------------------------------------------------------------
Start Renaming Generated Ports
---------------------------------------------------------------------------------
---------------------------------------------------------------------------------
Finished Renaming Generated Ports : Time (s): cpu = 00:01:06 ; elapsed = 00:01:10 . Memory (MB): peak = 1192.492 ; gain = 193.488
---------------------------------------------------------------------------------
---------------------------------------------------------------------------------
Start Handling Custom Attributes
---------------------------------------------------------------------------------
---------------------------------------------------------------------------------
Finished Handling Custom Attributes : Time (s): cpu = 00:01:06 ; elapsed = 00:01:10 . Memory (MB): peak = 1192.492 ; gain = 193.488
---------------------------------------------------------------------------------
---------------------------------------------------------------------------------
Start Renaming Generated Nets
---------------------------------------------------------------------------------
---------------------------------------------------------------------------------
Finished Renaming Generated Nets : Time (s): cpu = 00:01:06 ; elapsed = 00:01:10 . Memory (MB): peak = 1192.492 ; gain = 193.488
---------------------------------------------------------------------------------
---------------------------------------------------------------------------------
Start Writing Synthesis Report
---------------------------------------------------------------------------------

Report BlackBoxes: 
+-+--------------+----------+
| |BlackBox name |Instances |
+-+--------------+----------+
+-+--------------+----------+

Report Cell Usage: 
+------+--------+------+
|      |Cell    |Count |
+------+--------+------+
|1     |BUFG    |     2|
|2     |CARRY4  |    47|
|3     |DSP48E1 |     2|
|5     |LUT1    |    21|
|6     |LUT2    |    48|
|7     |LUT3    |    49|
|8     |LUT4    |    91|
|9     |LUT5    |   100|
|10    |LUT6    |   248|
|11    |FDRE    |   323|
|12    |FDSE    |    58|
|13    |IBUF    |    24|
|14    |OBUF    |    37|
|15    |OBUFT   |     8|
+------+--------+------+
---------------------------------------------------------------------------------
Finished Writing Synthesis Report : Time (s): cpu = 00:01:06 ; elapsed = 00:01:10 . Memory (MB): peak = 1192.492 ; gain = 193.488
---------------------------------------------------------------------------------
Synthesis finished with 0 errors, 0 critical warnings and 1 warnings.
Synthesis Optimization Runtime : Time (s): cpu = 00:00:53 ; elapsed = 00:01:06 . Memory (MB): peak = 1192.492 ; gain = 193.488
Synthesis Optimization Complete : Time (s): cpu = 00:01:07 ; elapsed = 00:01:10 . Memory (MB): peak = 1192.492 ; gain = 193.488
INFO: [Project 1-571] Translating synthesized netlist
Netlist sorting complete. Time (s): cpu = 00:00:00 ; elapsed = 00:00:00.023 . Memory (MB): peak = 1192.492 ; gain = 0.000
INFO: [Netlist 29-17] Analyzing 49 Unisim elements for replacement
INFO: [Netlist 29-28] Unisim Transformation completed in 0 CPU seconds
INFO: [Project 1-570] Preparing netlist for logic optimization
INFO: [Opt 31-138] Pushed 0 inverter(s) to 0 load pin(s).
Netlist sorting complete. Time (s): cpu = 00:00:00 ; elapsed = 00:00:00 . Memory (MB): peak = 1192.492 ; gain = 0.000
INFO: [Project 1-111] Unisim Transformation Summary:
No Unisim elements were transformed.

INFO: [Common 17-83] Releasing license: Synthesis
74 Infos, 1 Warnings, 0 Critical Warnings and 0 Errors encountered.
synth_design completed successfully
synth_design: Time (s): cpu = 00:01:17 ; elapsed = 00:01:25 . Memory (MB): peak = 1192.492 ; gain = 193.488
INFO: [Common 17-1381] The checkpoint 'E:/comp struc/project/alu2/work/vivado/alu2/alu2.runs/synth_1/au_top_0.dcp' has been generated.
INFO: [runtcl-4] Executing : report_utilization -file au_top_0_utilization_synth.rpt -pb au_top_0_utilization_synth.pb
INFO: [Common 17-206] Exiting Vivado at Tue Mar 15 17:21:33 2022...
[Tue Mar 15 17:21:38 2022] synth_1 finished
wait_on_run: Time (s): cpu = 00:00:00 ; elapsed = 00:01:47 . Memory (MB): peak = 999.246 ; gain = 0.000
# launch_runs impl_1 -to_step write_bitstream -jobs 8
[Tue Mar 15 17:21:39 2022] Launched impl_1...
Run output will be captured here: E:/comp struc/project/alu2/work/vivado/alu2/alu2.runs/impl_1/runme.log
# wait_on_run impl_1
[Tue Mar 15 17:21:39 2022] Waiting for impl_1 to finish...


*** Running vivado
    with args -log au_top_0.vdi -applog -m64 -product Vivado -messageDb vivado.pb -mode batch -source au_top_0.tcl -notrace



****** Vivado v2020.2 (64-bit)
  **** SW Build 3064766 on Wed Nov 18 09:12:45 MST 2020
  **** IP Build 3064653 on Wed Nov 18 14:17:31 MST 2020
    ** Copyright 1986-2020 Xilinx, Inc. All Rights Reserved.

source au_top_0.tcl -notrace
Command: link_design -top au_top_0 -part xc7a35tftg256-1
Design is defaulting to srcset: sources_1
Design is defaulting to constrset: constrs_1
INFO: [Device 21-403] Loading part xc7a35tftg256-1
Netlist sorting complete. Time (s): cpu = 00:00:00 ; elapsed = 00:00:00.024 . Memory (MB): peak = 1001.770 ; gain = 0.000
INFO: [Netlist 29-17] Analyzing 49 Unisim elements for replacement
INFO: [Netlist 29-28] Unisim Transformation completed in 0 CPU seconds
INFO: [Project 1-479] Netlist was created with Vivado 2020.2
INFO: [Project 1-570] Preparing netlist for logic optimization
Parsing XDC File [E:/comp struc/project/alu2/work/constraint/alchitry.xdc]
Finished Parsing XDC File [E:/comp struc/project/alu2/work/constraint/alchitry.xdc]
Parsing XDC File [E:/comp struc/project/alu2/work/constraint/io.xdc]
Finished Parsing XDC File [E:/comp struc/project/alu2/work/constraint/io.xdc]
Parsing XDC File [E:/comp struc/library/components/au.xdc]
Finished Parsing XDC File [E:/comp struc/library/components/au.xdc]
INFO: [Opt 31-138] Pushed 0 inverter(s) to 0 load pin(s).
Netlist sorting complete. Time (s): cpu = 00:00:00 ; elapsed = 00:00:00 . Memory (MB): peak = 1001.770 ; gain = 0.000
INFO: [Project 1-111] Unisim Transformation Summary:
No Unisim elements were transformed.

7 Infos, 0 Warnings, 0 Critical Warnings and 0 Errors encountered.
link_design completed successfully
link_design: Time (s): cpu = 00:00:10 ; elapsed = 00:00:13 . Memory (MB): peak = 1001.770 ; gain = 0.000
Command: opt_design
Attempting to get a license for feature 'Implementation' and/or device 'xc7a35t'
INFO: [Common 17-349] Got license for feature 'Implementation' and/or device 'xc7a35t'
Running DRC as a precondition to command opt_design

Starting DRC Task
INFO: [DRC 23-27] Running DRC with 2 threads
INFO: [Project 1-461] DRC finished with 0 Errors
INFO: [Project 1-462] Please refer to the DRC report (report_drc) for more information.

Time (s): cpu = 00:00:03 ; elapsed = 00:00:02 . Memory (MB): peak = 1001.770 ; gain = 0.000

Starting Cache Timing Information Task
INFO: [Timing 38-35] Done setting XDC timing constraints.
Ending Cache Timing Information Task | Checksum: 14ff8bf99

Time (s): cpu = 00:00:10 ; elapsed = 00:00:11 . Memory (MB): peak = 1172.219 ; gain = 170.449

Starting Logic Optimization Task

Phase 1 Retarget
INFO: [Opt 31-138] Pushed 0 inverter(s) to 0 load pin(s).
INFO: [Opt 31-49] Retargeted 0 cell(s).
Phase 1 Retarget | Checksum: 15de316f2

Time (s): cpu = 00:00:00 ; elapsed = 00:00:00.083 . Memory (MB): peak = 1381.035 ; gain = 0.000
INFO: [Opt 31-389] Phase Retarget created 0 cells and removed 3 cells

Phase 2 Constant propagation
INFO: [Opt 31-138] Pushed 0 inverter(s) to 0 load pin(s).
Phase 2 Constant propagation | Checksum: 15de316f2

Time (s): cpu = 00:00:00 ; elapsed = 00:00:00.095 . Memory (MB): peak = 1381.035 ; gain = 0.000
INFO: [Opt 31-389] Phase Constant propagation created 0 cells and removed 0 cells

Phase 3 Sweep
Phase 3 Sweep | Checksum: 1560355c3

Time (s): cpu = 00:00:00 ; elapsed = 00:00:00.114 . Memory (MB): peak = 1381.035 ; gain = 0.000
INFO: [Opt 31-389] Phase Sweep created 0 cells and removed 0 cells

Phase 4 BUFG optimization
Phase 4 BUFG optimization | Checksum: 1560355c3

Time (s): cpu = 00:00:00 ; elapsed = 00:00:00.133 . Memory (MB): peak = 1381.035 ; gain = 0.000
INFO: [Opt 31-662] Phase BUFG optimization created 0 cells of which 0 are BUFGs and removed 0 cells.

Phase 5 Shift Register Optimization
INFO: [Opt 31-1064] SRL Remap converted 0 SRLs to 0 registers and converted 0 registers of register chains to 0 SRLs
Phase 5 Shift Register Optimization | Checksum: 1560355c3

Time (s): cpu = 00:00:00 ; elapsed = 00:00:00.140 . Memory (MB): peak = 1381.035 ; gain = 0.000
INFO: [Opt 31-389] Phase Shift Register Optimization created 0 cells and removed 0 cells

Phase 6 Post Processing Netlist
Phase 6 Post Processing Netlist | Checksum: 1560355c3

Time (s): cpu = 00:00:00 ; elapsed = 00:00:00.153 . Memory (MB): peak = 1381.035 ; gain = 0.000
INFO: [Opt 31-389] Phase Post Processing Netlist created 0 cells and removed 0 cells
Opt_design Change Summary
=========================


-------------------------------------------------------------------------------------------------------------------------
|  Phase                        |  #Cells created  |  #Cells Removed  |  #Constrained objects preventing optimizations  |
-------------------------------------------------------------------------------------------------------------------------
|  Retarget                     |               0  |               3  |                                              0  |
|  Constant propagation         |               0  |               0  |                                              0  |
|  Sweep                        |               0  |               0  |                                              0  |
|  BUFG optimization            |               0  |               0  |                                              0  |
|  Shift Register Optimization  |               0  |               0  |                                              0  |
|  Post Processing Netlist      |               0  |               0  |                                              0  |
-------------------------------------------------------------------------------------------------------------------------



Starting Connectivity Check Task

Time (s): cpu = 00:00:00 ; elapsed = 00:00:00.004 . Memory (MB): peak = 1381.035 ; gain = 0.000
Ending Logic Optimization Task | Checksum: 211558b67

Time (s): cpu = 00:00:00 ; elapsed = 00:00:00.198 . Memory (MB): peak = 1381.035 ; gain = 0.000

Starting Power Optimization Task
INFO: [Pwropt 34-132] Skipping clock gating for clocks with a period < 2.00 ns.
Ending Power Optimization Task | Checksum: 211558b67

Time (s): cpu = 00:00:00 ; elapsed = 00:00:00.009 . Memory (MB): peak = 1381.035 ; gain = 0.000

Starting Final Cleanup Task
Ending Final Cleanup Task | Checksum: 211558b67

Time (s): cpu = 00:00:00 ; elapsed = 00:00:00 . Memory (MB): peak = 1381.035 ; gain = 0.000

Starting Netlist Obfuscation Task
Netlist sorting complete. Time (s): cpu = 00:00:00 ; elapsed = 00:00:00 . Memory (MB): peak = 1381.035 ; gain = 0.000
Ending Netlist Obfuscation Task | Checksum: 211558b67

Time (s): cpu = 00:00:00 ; elapsed = 00:00:00 . Memory (MB): peak = 1381.035 ; gain = 0.000
INFO: [Common 17-83] Releasing license: Implementation
24 Infos, 0 Warnings, 0 Critical Warnings and 0 Errors encountered.
opt_design completed successfully
opt_design: Time (s): cpu = 00:00:16 ; elapsed = 00:00:16 . Memory (MB): peak = 1381.035 ; gain = 379.266
INFO: [Timing 38-480] Writing timing data to binary archive.
Writing placer database...
Writing XDEF routing.
Writing XDEF routing logical nets.
Writing XDEF routing special nets.
Write XDEF Complete: Time (s): cpu = 00:00:00 ; elapsed = 00:00:00.070 . Memory (MB): peak = 1381.035 ; gain = 0.000
INFO: [Common 17-1381] The checkpoint 'E:/comp struc/project/alu2/work/vivado/alu2/alu2.runs/impl_1/au_top_0_opt.dcp' has been generated.
INFO: [runtcl-4] Executing : report_drc -file au_top_0_drc_opted.rpt -pb au_top_0_drc_opted.pb -rpx au_top_0_drc_opted.rpx
Command: report_drc -file au_top_0_drc_opted.rpt -pb au_top_0_drc_opted.pb -rpx au_top_0_drc_opted.rpx
INFO: [IP_Flow 19-234] Refreshing IP repositories
INFO: [IP_Flow 19-1704] No user IP repositories specified
INFO: [IP_Flow 19-2313] Loaded Vivado IP repository 'E:/Xilinx/Vivado/2020.2/data/ip'.
INFO: [Timing 38-35] Done setting XDC timing constraints.
INFO: [DRC 23-27] Running DRC with 2 threads
INFO: [Coretcl 2-168] The results of DRC are in file E:/comp struc/project/alu2/work/vivado/alu2/alu2.runs/impl_1/au_top_0_drc_opted.rpt.
report_drc completed successfully
Command: place_design
Attempting to get a license for feature 'Implementation' and/or device 'xc7a35t'
INFO: [Common 17-349] Got license for feature 'Implementation' and/or device 'xc7a35t'
INFO: [DRC 23-27] Running DRC with 2 threads
INFO: [Vivado_Tcl 4-198] DRC finished with 0 Errors
INFO: [Vivado_Tcl 4-199] Please refer to the DRC report (report_drc) for more information.
Running DRC as a precondition to command place_design
INFO: [DRC 23-27] Running DRC with 2 threads
INFO: [Vivado_Tcl 4-198] DRC finished with 0 Errors
INFO: [Vivado_Tcl 4-199] Please refer to the DRC report (report_drc) for more information.

Starting Placer Task
INFO: [Place 30-611] Multithreading enabled for place_design using a maximum of 2 CPUs

Phase 1 Placer Initialization

Phase 1.1 Placer Initialization Netlist Sorting
Netlist sorting complete. Time (s): cpu = 00:00:00 ; elapsed = 00:00:00.001 . Memory (MB): peak = 1426.207 ; gain = 0.000
Phase 1.1 Placer Initialization Netlist Sorting | Checksum: 177c84b69

Time (s): cpu = 00:00:00 ; elapsed = 00:00:00.006 . Memory (MB): peak = 1426.207 ; gain = 0.000
Netlist sorting complete. Time (s): cpu = 00:00:00 ; elapsed = 00:00:00 . Memory (MB): peak = 1426.207 ; gain = 0.000

Phase 1.2 IO Placement/ Clock Placement/ Build Placer Device
Phase 1.2 IO Placement/ Clock Placement/ Build Placer Device | Checksum: 1065c9a06

Time (s): cpu = 00:00:01 ; elapsed = 00:00:00.621 . Memory (MB): peak = 1426.207 ; gain = 0.000

Phase 1.3 Build Placer Netlist Model
Phase 1.3 Build Placer Netlist Model | Checksum: 1db1455f3

Time (s): cpu = 00:00:02 ; elapsed = 00:00:00.905 . Memory (MB): peak = 1426.207 ; gain = 0.000

Phase 1.4 Constrain Clocks/Macros
Phase 1.4 Constrain Clocks/Macros | Checksum: 1db1455f3

Time (s): cpu = 00:00:02 ; elapsed = 00:00:00.908 . Memory (MB): peak = 1426.207 ; gain = 0.000
Phase 1 Placer Initialization | Checksum: 1db1455f3

Time (s): cpu = 00:00:02 ; elapsed = 00:00:00.913 . Memory (MB): peak = 1426.207 ; gain = 0.000

Phase 2 Global Placement

Phase 2.1 Floorplanning
Phase 2.1 Floorplanning | Checksum: 11b51b121

Time (s): cpu = 00:00:02 ; elapsed = 00:00:01 . Memory (MB): peak = 1426.207 ; gain = 0.000

Phase 2.2 Update Timing before SLR Path Opt
Phase 2.2 Update Timing before SLR Path Opt | Checksum: 19e500d25

Time (s): cpu = 00:00:02 ; elapsed = 00:00:01 . Memory (MB): peak = 1426.207 ; gain = 0.000

Phase 2.3 Global Placement Core

Phase 2.3.1 Physical Synthesis In Placer
INFO: [Physopt 32-1035] Found 0 LUTNM shape to break, 27 LUT instances to create LUTNM shape
INFO: [Physopt 32-1044] Break lutnm for timing: one critical 0, two critical 0, total 0, new lutff created 0
INFO: [Physopt 32-775] End 1 Pass. Optimized 10 nets or cells. Created 0 new cell, deleted 10 existing cells and moved 0 existing cell
INFO: [Physopt 32-65] No nets found for high-fanout optimization.
INFO: [Physopt 32-232] Optimized 0 net. Created 0 new instance.
INFO: [Physopt 32-775] End 1 Pass. Optimized 0 net or cell. Created 0 new cell, deleted 0 existing cell and moved 0 existing cell
INFO: [Physopt 32-670] No setup violation found.  DSP Register Optimization was not performed.
INFO: [Physopt 32-670] No setup violation found.  Shift Register to Pipeline Optimization was not performed.
INFO: [Physopt 32-670] No setup violation found.  Shift Register Optimization was not performed.
INFO: [Physopt 32-670] No setup violation found.  BRAM Register Optimization was not performed.
INFO: [Physopt 32-670] No setup violation found.  URAM Register Optimization was not performed.
INFO: [Physopt 32-949] No candidate nets found for dynamic/static region interface net replication
INFO: [Physopt 32-775] End 1 Pass. Optimized 0 net or cell. Created 0 new cell, deleted 0 existing cell and moved 0 existing cell
Netlist sorting complete. Time (s): cpu = 00:00:00 ; elapsed = 00:00:00 . Memory (MB): peak = 1426.207 ; gain = 0.000

Summary of Physical Synthesis Optimizations
============================================


-----------------------------------------------------------------------------------------------------------------------------------------------------------
|  Optimization                                     |  Added Cells  |  Removed Cells  |  Optimized Cells/Nets  |  Dont Touch  |  Iterations  |  Elapsed   |
-----------------------------------------------------------------------------------------------------------------------------------------------------------
|  LUT Combining                                    |            0  |             10  |                    10  |           0  |           1  |  00:00:00  |
|  Very High Fanout                                 |            0  |              0  |                     0  |           0  |           1  |  00:00:00  |
|  DSP Register                                     |            0  |              0  |                     0  |           0  |           0  |  00:00:00  |
|  Shift Register to Pipeline                       |            0  |              0  |                     0  |           0  |           0  |  00:00:00  |
|  Shift Register                                   |            0  |              0  |                     0  |           0  |           0  |  00:00:00  |
|  BRAM Register                                    |            0  |              0  |                     0  |           0  |           0  |  00:00:00  |
|  URAM Register                                    |            0  |              0  |                     0  |           0  |           0  |  00:00:00  |
|  Dynamic/Static Region Interface Net Replication  |            0  |              0  |                     0  |           0  |           1  |  00:00:00  |
|  Total                                            |            0  |             10  |                    10  |           0  |           3  |  00:00:00  |
-----------------------------------------------------------------------------------------------------------------------------------------------------------


Phase 2.3.1 Physical Synthesis In Placer | Checksum: 25d267f92

Time (s): cpu = 00:00:07 ; elapsed = 00:00:04 . Memory (MB): peak = 1426.207 ; gain = 0.000
Phase 2.3 Global Placement Core | Checksum: 255e00b24

Time (s): cpu = 00:00:07 ; elapsed = 00:00:04 . Memory (MB): peak = 1426.207 ; gain = 0.000
Phase 2 Global Placement | Checksum: 255e00b24

Time (s): cpu = 00:00:07 ; elapsed = 00:00:04 . Memory (MB): peak = 1426.207 ; gain = 0.000

Phase 3 Detail Placement

Phase 3.1 Commit Multi Column Macros
Phase 3.1 Commit Multi Column Macros | Checksum: 1f389d8ec

Time (s): cpu = 00:00:08 ; elapsed = 00:00:04 . Memory (MB): peak = 1426.207 ; gain = 0.000

Phase 3.2 Commit Most Macros & LUTRAMs
Phase 3.2 Commit Most Macros & LUTRAMs | Checksum: 2a3dae18e

Time (s): cpu = 00:00:08 ; elapsed = 00:00:04 . Memory (MB): peak = 1426.207 ; gain = 0.000

Phase 3.3 Area Swap Optimization
Phase 3.3 Area Swap Optimization | Checksum: 207cf46c7

Time (s): cpu = 00:00:08 ; elapsed = 00:00:04 . Memory (MB): peak = 1426.207 ; gain = 0.000

Phase 3.4 Pipeline Register Optimization
Phase 3.4 Pipeline Register Optimization | Checksum: 2d9885c33

Time (s): cpu = 00:00:08 ; elapsed = 00:00:04 . Memory (MB): peak = 1426.207 ; gain = 0.000

Phase 3.5 Small Shape Detail Placement
Phase 3.5 Small Shape Detail Placement | Checksum: 1c2c1b445

Time (s): cpu = 00:00:08 ; elapsed = 00:00:05 . Memory (MB): peak = 1426.207 ; gain = 0.000

Phase 3.6 Re-assign LUT pins
Phase 3.6 Re-assign LUT pins | Checksum: 276e6564c

Time (s): cpu = 00:00:09 ; elapsed = 00:00:05 . Memory (MB): peak = 1426.207 ; gain = 0.000

Phase 3.7 Pipeline Register Optimization
Phase 3.7 Pipeline Register Optimization | Checksum: 18c0092f1

Time (s): cpu = 00:00:09 ; elapsed = 00:00:05 . Memory (MB): peak = 1426.207 ; gain = 0.000
Phase 3 Detail Placement | Checksum: 18c0092f1

Time (s): cpu = 00:00:09 ; elapsed = 00:00:05 . Memory (MB): peak = 1426.207 ; gain = 0.000

Phase 4 Post Placement Optimization and Clean-Up

Phase 4.1 Post Commit Optimization
INFO: [Timing 38-35] Done setting XDC timing constraints.

Phase 4.1.1 Post Placement Optimization
Post Placement Optimization Initialization | Checksum: 1c4ad6e13

Phase 4.1.1.1 BUFG Insertion

Starting Physical Synthesis Task

Phase 1 Physical Synthesis Initialization
INFO: [Physopt 32-721] Multithreading enabled for phys_opt_design using a maximum of 2 CPUs
INFO: [Physopt 32-619] Estimated Timing Summary | WNS=3.504 | TNS=0.000 |
Phase 1 Physical Synthesis Initialization | Checksum: 21e9e774c

Time (s): cpu = 00:00:00 ; elapsed = 00:00:00.053 . Memory (MB): peak = 1426.207 ; gain = 0.000
INFO: [Place 46-56] BUFG insertion identified 0 candidate nets. Inserted BUFG: 0, Replicated BUFG Driver: 0, Skipped due to Placement/Routing Conflicts: 0, Skipped due to Timing Degradation: 0, Skipped due to Illegal Netlist: 0.
Ending Physical Synthesis Task | Checksum: 19cb47080

Time (s): cpu = 00:00:00 ; elapsed = 00:00:00.057 . Memory (MB): peak = 1426.207 ; gain = 0.000
Phase 4.1.1.1 BUFG Insertion | Checksum: 1c4ad6e13

Time (s): cpu = 00:00:09 ; elapsed = 00:00:05 . Memory (MB): peak = 1426.207 ; gain = 0.000
INFO: [Place 30-746] Post Placement Timing Summary WNS=3.504. For the most accurate timing information please run report_timing.

Time (s): cpu = 00:00:09 ; elapsed = 00:00:05 . Memory (MB): peak = 1426.207 ; gain = 0.000
Phase 4.1 Post Commit Optimization | Checksum: 1937737de

Time (s): cpu = 00:00:09 ; elapsed = 00:00:05 . Memory (MB): peak = 1426.207 ; gain = 0.000

Phase 4.2 Post Placement Cleanup
Phase 4.2 Post Placement Cleanup | Checksum: 1937737de

Time (s): cpu = 00:00:09 ; elapsed = 00:00:05 . Memory (MB): peak = 1426.207 ; gain = 0.000

Phase 4.3 Placer Reporting

Phase 4.3.1 Print Estimated Congestion
INFO: [Place 30-612] Post-Placement Estimated Congestion 
 ____________________________________________________
|           | Global Congestion | Short Congestion  |
| Direction | Region Size       | Region Size       |
|___________|___________________|___________________|
|      North|                1x1|                1x1|
|___________|___________________|___________________|
|      South|                1x1|                1x1|
|___________|___________________|___________________|
|       East|                1x1|                1x1|
|___________|___________________|___________________|
|       West|                1x1|                1x1|
|___________|___________________|___________________|

Phase 4.3.1 Print Estimated Congestion | Checksum: 1937737de

Time (s): cpu = 00:00:09 ; elapsed = 00:00:05 . Memory (MB): peak = 1426.207 ; gain = 0.000
Phase 4.3 Placer Reporting | Checksum: 1937737de

Time (s): cpu = 00:00:09 ; elapsed = 00:00:05 . Memory (MB): peak = 1426.207 ; gain = 0.000

Phase 4.4 Final Placement Cleanup
Netlist sorting complete. Time (s): cpu = 00:00:00 ; elapsed = 00:00:00.001 . Memory (MB): peak = 1426.207 ; gain = 0.000

Time (s): cpu = 00:00:09 ; elapsed = 00:00:05 . Memory (MB): peak = 1426.207 ; gain = 0.000
Phase 4 Post Placement Optimization and Clean-Up | Checksum: 143e9e02e

Time (s): cpu = 00:00:09 ; elapsed = 00:00:05 . Memory (MB): peak = 1426.207 ; gain = 0.000
Ending Placer Task | Checksum: b399d8d2

Time (s): cpu = 00:00:09 ; elapsed = 00:00:05 . Memory (MB): peak = 1426.207 ; gain = 0.000
INFO: [Common 17-83] Releasing license: Implementation
61 Infos, 0 Warnings, 0 Critical Warnings and 0 Errors encountered.
place_design completed successfully
place_design: Time (s): cpu = 00:00:11 ; elapsed = 00:00:06 . Memory (MB): peak = 1426.207 ; gain = 0.004
INFO: [Timing 38-480] Writing timing data to binary archive.
Writing placer database...
Writing XDEF routing.
Writing XDEF routing logical nets.
Writing XDEF routing special nets.
Write XDEF Complete: Time (s): cpu = 00:00:01 ; elapsed = 00:00:00.169 . Memory (MB): peak = 1426.207 ; gain = 0.000
INFO: [Common 17-1381] The checkpoint 'E:/comp struc/project/alu2/work/vivado/alu2/alu2.runs/impl_1/au_top_0_placed.dcp' has been generated.
INFO: [runtcl-4] Executing : report_io -file au_top_0_io_placed.rpt
report_io: Time (s): cpu = 00:00:00 ; elapsed = 00:00:00.069 . Memory (MB): peak = 1426.207 ; gain = 0.000
INFO: [runtcl-4] Executing : report_utilization -file au_top_0_utilization_placed.rpt -pb au_top_0_utilization_placed.pb
INFO: [runtcl-4] Executing : report_control_sets -verbose -file au_top_0_control_sets_placed.rpt
report_control_sets: Time (s): cpu = 00:00:00 ; elapsed = 00:00:00.005 . Memory (MB): peak = 1426.207 ; gain = 0.000
Command: phys_opt_design
Attempting to get a license for feature 'Implementation' and/or device 'xc7a35t'
INFO: [Common 17-349] Got license for feature 'Implementation' and/or device 'xc7a35t'
INFO: [Vivado_Tcl 4-383] Design worst setup slack (WNS) is greater than or equal to 0.000 ns. Skipping all physical synthesis optimizations.
INFO: [Vivado_Tcl 4-232] No setup violation found. The netlist was not modified.
INFO: [Common 17-83] Releasing license: Implementation
70 Infos, 0 Warnings, 0 Critical Warnings and 0 Errors encountered.
phys_opt_design completed successfully
INFO: [Timing 38-480] Writing timing data to binary archive.
Writing placer database...
Writing XDEF routing.
Writing XDEF routing logical nets.
Writing XDEF routing special nets.
Write XDEF Complete: Time (s): cpu = 00:00:01 ; elapsed = 00:00:00.189 . Memory (MB): peak = 1426.207 ; gain = 0.000
INFO: [Common 17-1381] The checkpoint 'E:/comp struc/project/alu2/work/vivado/alu2/alu2.runs/impl_1/au_top_0_physopt.dcp' has been generated.
Command: route_design
Attempting to get a license for feature 'Implementation' and/or device 'xc7a35t'
INFO: [Common 17-349] Got license for feature 'Implementation' and/or device 'xc7a35t'
Running DRC as a precondition to command route_design
INFO: [DRC 23-27] Running DRC with 2 threads
INFO: [Vivado_Tcl 4-198] DRC finished with 0 Errors
INFO: [Vivado_Tcl 4-199] Please refer to the DRC report (report_drc) for more information.


Starting Routing Task
INFO: [Route 35-254] Multithreading enabled for route_design using a maximum of 2 CPUs
Checksum: PlaceDB: 3f9c36c5 ConstDB: 0 ShapeSum: 73fda20d RouteDB: 0

Phase 1 Build RT Design
Phase 1 Build RT Design | Checksum: 13bdcb2d2

Time (s): cpu = 00:00:23 ; elapsed = 00:00:20 . Memory (MB): peak = 1520.688 ; gain = 84.906
Post Restoration Checksum: NetGraph: 6b4fbffa NumContArr: d08cf2d8 Constraints: 0 Timing: 0

Phase 2 Router Initialization

Phase 2.1 Create Timer
Phase 2.1 Create Timer | Checksum: 13bdcb2d2

Time (s): cpu = 00:00:23 ; elapsed = 00:00:20 . Memory (MB): peak = 1520.688 ; gain = 84.906

Phase 2.2 Fix Topology Constraints
Phase 2.2 Fix Topology Constraints | Checksum: 13bdcb2d2

Time (s): cpu = 00:00:23 ; elapsed = 00:00:20 . Memory (MB): peak = 1526.723 ; gain = 90.941

Phase 2.3 Pre Route Cleanup
Phase 2.3 Pre Route Cleanup | Checksum: 13bdcb2d2

Time (s): cpu = 00:00:23 ; elapsed = 00:00:20 . Memory (MB): peak = 1526.723 ; gain = 90.941
 Number of Nodes with overlaps = 0

Phase 2.4 Update Timing
Phase 2.4 Update Timing | Checksum: 17c39dda0

Time (s): cpu = 00:00:24 ; elapsed = 00:00:21 . Memory (MB): peak = 1533.453 ; gain = 97.672
INFO: [Route 35-416] Intermediate Timing Summary | WNS=3.424  | TNS=0.000  | WHS=-0.144 | THS=-7.419 |

Phase 2 Router Initialization | Checksum: 18adc51ec

Time (s): cpu = 00:00:24 ; elapsed = 00:00:21 . Memory (MB): peak = 1533.793 ; gain = 98.012

Router Utilization Summary
  Global Vertical Routing Utilization    = 0 %
  Global Horizontal Routing Utilization  = 0 %
  Routable Net Status*
  *Does not include unroutable nets such as driverless and loadless.
  Run report_route_status for detailed report.
  Number of Failed Nets               = 963
    (Failed Nets is the sum of unrouted and partially routed nets)
  Number of Unrouted Nets             = 962
  Number of Partially Routed Nets     = 1
  Number of Node Overlaps             = 0


Phase 3 Initial Routing

Phase 3.1 Global Routing
Phase 3.1 Global Routing | Checksum: 18adc51ec

Time (s): cpu = 00:00:24 ; elapsed = 00:00:21 . Memory (MB): peak = 1538.410 ; gain = 102.629
Phase 3 Initial Routing | Checksum: 1bf2be197

Time (s): cpu = 00:00:25 ; elapsed = 00:00:21 . Memory (MB): peak = 1538.410 ; gain = 102.629

Phase 4 Rip-up And Reroute

Phase 4.1 Global Iteration 0
 Number of Nodes with overlaps = 78
 Number of Nodes with overlaps = 0
INFO: [Route 35-416] Intermediate Timing Summary | WNS=3.304  | TNS=0.000  | WHS=N/A    | THS=N/A    |

Phase 4.1 Global Iteration 0 | Checksum: 8ad650bc

Time (s): cpu = 00:00:25 ; elapsed = 00:00:22 . Memory (MB): peak = 1538.410 ; gain = 102.629
Phase 4 Rip-up And Reroute | Checksum: 8ad650bc

Time (s): cpu = 00:00:25 ; elapsed = 00:00:22 . Memory (MB): peak = 1538.410 ; gain = 102.629

Phase 5 Delay and Skew Optimization

Phase 5.1 Delay CleanUp

Phase 5.1.1 Update Timing
Phase 5.1.1 Update Timing | Checksum: ac67a3d3

Time (s): cpu = 00:00:25 ; elapsed = 00:00:22 . Memory (MB): peak = 1538.410 ; gain = 102.629
INFO: [Route 35-416] Intermediate Timing Summary | WNS=3.383  | TNS=0.000  | WHS=N/A    | THS=N/A    |

Phase 5.1 Delay CleanUp | Checksum: ac67a3d3

Time (s): cpu = 00:00:25 ; elapsed = 00:00:22 . Memory (MB): peak = 1538.410 ; gain = 102.629

Phase 5.2 Clock Skew Optimization
Phase 5.2 Clock Skew Optimization | Checksum: ac67a3d3

Time (s): cpu = 00:00:25 ; elapsed = 00:00:22 . Memory (MB): peak = 1538.410 ; gain = 102.629
Phase 5 Delay and Skew Optimization | Checksum: ac67a3d3

Time (s): cpu = 00:00:25 ; elapsed = 00:00:22 . Memory (MB): peak = 1538.410 ; gain = 102.629

Phase 6 Post Hold Fix

Phase 6.1 Hold Fix Iter

Phase 6.1.1 Update Timing
Phase 6.1.1 Update Timing | Checksum: 9bce2ca8

Time (s): cpu = 00:00:25 ; elapsed = 00:00:22 . Memory (MB): peak = 1538.410 ; gain = 102.629
INFO: [Route 35-416] Intermediate Timing Summary | WNS=3.383  | TNS=0.000  | WHS=0.114  | THS=0.000  |

Phase 6.1 Hold Fix Iter | Checksum: c8093483

Time (s): cpu = 00:00:25 ; elapsed = 00:00:22 . Memory (MB): peak = 1538.410 ; gain = 102.629
Phase 6 Post Hold Fix | Checksum: c8093483

Time (s): cpu = 00:00:25 ; elapsed = 00:00:22 . Memory (MB): peak = 1538.410 ; gain = 102.629

Phase 7 Route finalize

Router Utilization Summary
  Global Vertical Routing Utilization    = 0.362354 %
  Global Horizontal Routing Utilization  = 0.365044 %
  Routable Net Status*
  *Does not include unroutable nets such as driverless and loadless.
  Run report_route_status for detailed report.
  Number of Failed Nets               = 0
    (Failed Nets is the sum of unrouted and partially routed nets)
  Number of Unrouted Nets             = 0
  Number of Partially Routed Nets     = 0
  Number of Node Overlaps             = 0

Phase 7 Route finalize | Checksum: 110da47df

Time (s): cpu = 00:00:25 ; elapsed = 00:00:22 . Memory (MB): peak = 1538.410 ; gain = 102.629

Phase 8 Verifying routed nets

 Verification completed successfully
Phase 8 Verifying routed nets | Checksum: 110da47df

Time (s): cpu = 00:00:25 ; elapsed = 00:00:22 . Memory (MB): peak = 1539.047 ; gain = 103.266

Phase 9 Depositing Routes
Phase 9 Depositing Routes | Checksum: 132b79b32

Time (s): cpu = 00:00:26 ; elapsed = 00:00:22 . Memory (MB): peak = 1539.047 ; gain = 103.266

Phase 10 Post Router Timing
INFO: [Route 35-57] Estimated Timing Summary | WNS=3.383  | TNS=0.000  | WHS=0.114  | THS=0.000  |

INFO: [Route 35-327] The final timing numbers are based on the router estimated timing analysis. For a complete and accurate timing signoff, please run report_timing_summary.
Phase 10 Post Router Timing | Checksum: 132b79b32

Time (s): cpu = 00:00:26 ; elapsed = 00:00:22 . Memory (MB): peak = 1539.047 ; gain = 103.266
INFO: [Route 35-16] Router Completed Successfully

Time (s): cpu = 00:00:26 ; elapsed = 00:00:22 . Memory (MB): peak = 1539.047 ; gain = 103.266

Routing Is Done.
INFO: [Common 17-83] Releasing license: Implementation
85 Infos, 0 Warnings, 0 Critical Warnings and 0 Errors encountered.
route_design completed successfully
route_design: Time (s): cpu = 00:00:28 ; elapsed = 00:00:23 . Memory (MB): peak = 1539.047 ; gain = 112.840
INFO: [Timing 38-480] Writing timing data to binary archive.
Writing placer database...
Writing XDEF routing.
Writing XDEF routing logical nets.
Writing XDEF routing special nets.
Write XDEF Complete: Time (s): cpu = 00:00:00 ; elapsed = 00:00:00.227 . Memory (MB): peak = 1548.980 ; gain = 9.934
INFO: [Common 17-1381] The checkpoint 'E:/comp struc/project/alu2/work/vivado/alu2/alu2.runs/impl_1/au_top_0_routed.dcp' has been generated.
INFO: [runtcl-4] Executing : report_drc -file au_top_0_drc_routed.rpt -pb au_top_0_drc_routed.pb -rpx au_top_0_drc_routed.rpx
Command: report_drc -file au_top_0_drc_routed.rpt -pb au_top_0_drc_routed.pb -rpx au_top_0_drc_routed.rpx
INFO: [IP_Flow 19-1839] IP Catalog is up to date.
INFO: [DRC 23-27] Running DRC with 2 threads
INFO: [Coretcl 2-168] The results of DRC are in file E:/comp struc/project/alu2/work/vivado/alu2/alu2.runs/impl_1/au_top_0_drc_routed.rpt.
report_drc completed successfully
INFO: [runtcl-4] Executing : report_methodology -file au_top_0_methodology_drc_routed.rpt -pb au_top_0_methodology_drc_routed.pb -rpx au_top_0_methodology_drc_routed.rpx
Command: report_methodology -file au_top_0_methodology_drc_routed.rpt -pb au_top_0_methodology_drc_routed.pb -rpx au_top_0_methodology_drc_routed.rpx
INFO: [Timing 38-35] Done setting XDC timing constraints.
INFO: [DRC 23-133] Running Methodology with 2 threads
INFO: [Coretcl 2-1520] The results of Report Methodology are in file E:/comp struc/project/alu2/work/vivado/alu2/alu2.runs/impl_1/au_top_0_methodology_drc_routed.rpt.
report_methodology completed successfully
INFO: [runtcl-4] Executing : report_power -file au_top_0_power_routed.rpt -pb au_top_0_power_summary_routed.pb -rpx au_top_0_power_routed.rpx
Command: report_power -file au_top_0_power_routed.rpt -pb au_top_0_power_summary_routed.pb -rpx au_top_0_power_routed.rpx
INFO: [Timing 38-35] Done setting XDC timing constraints.
Running Vector-less Activity Propagation...

Finished Running Vector-less Activity Propagation
97 Infos, 0 Warnings, 0 Critical Warnings and 0 Errors encountered.
report_power completed successfully
INFO: [runtcl-4] Executing : report_route_status -file au_top_0_route_status.rpt -pb au_top_0_route_status.pb
INFO: [runtcl-4] Executing : report_timing_summary -max_paths 10 -file au_top_0_timing_summary_routed.rpt -pb au_top_0_timing_summary_routed.pb -rpx au_top_0_timing_summary_routed.rpx -warn_on_violation 
INFO: [Timing 38-91] UpdateTimingParams: Speed grade: -1, Delay Type: min_max.
INFO: [Timing 38-191] Multithreading enabled for timing update using a maximum of 2 CPUs
INFO: [runtcl-4] Executing : report_incremental_reuse -file au_top_0_incremental_reuse_routed.rpt
INFO: [Vivado_Tcl 4-1062] Incremental flow is disabled. No incremental reuse Info to report.
INFO: [runtcl-4] Executing : report_clock_utilization -file au_top_0_clock_utilization_routed.rpt
INFO: [runtcl-4] Executing : report_bus_skew -warn_on_violation -file au_top_0_bus_skew_routed.rpt -pb au_top_0_bus_skew_routed.pb -rpx au_top_0_bus_skew_routed.rpx
INFO: [Timing 38-91] UpdateTimingParams: Speed grade: -1, Delay Type: min_max.
INFO: [Timing 38-191] Multithreading enabled for timing update using a maximum of 2 CPUs
Command: write_bitstream -force au_top_0.bit -bin_file
Attempting to get a license for feature 'Implementation' and/or device 'xc7a35t'
INFO: [Common 17-349] Got license for feature 'Implementation' and/or device 'xc7a35t'
Running DRC as a precondition to command write_bitstream
INFO: [IP_Flow 19-1839] IP Catalog is up to date.
INFO: [DRC 23-27] Running DRC with 2 threads
WARNING: [DRC DPIP-1] Input pipelining: DSP fsmc/fsmt/aluUnit/out0 input fsmc/fsmt/aluUnit/out0/A[29:0] is not pipelined. Pipelining DSP48 input will improve performance.
WARNING: [DRC DPIP-1] Input pipelining: DSP fsmc/fsmt/aluUnit/out0 input fsmc/fsmt/aluUnit/out0/B[17:0] is not pipelined. Pipelining DSP48 input will improve performance.
WARNING: [DRC DPOP-1] PREG Output pipelining: DSP fsmc/fsmt/aluUnit/out0 output fsmc/fsmt/aluUnit/out0/P[47:0] is not pipelined (PREG=0). Pipelining the DSP48 output will improve performance and often saves power so it is suggested whenever possible to fully pipeline this function.  If this DSP48 function was inferred, it is suggested to describe an additional register stage after this function.  If the DSP48 was instantiated in the design, it is suggested to set the PREG attribute to 1.
WARNING: [DRC DPOP-1] PREG Output pipelining: DSP fsmc/inmode/aluUnit/out0 output fsmc/inmode/aluUnit/out0/P[47:0] is not pipelined (PREG=0). Pipelining the DSP48 output will improve performance and often saves power so it is suggested whenever possible to fully pipeline this function.  If this DSP48 function was inferred, it is suggested to describe an additional register stage after this function.  If the DSP48 was instantiated in the design, it is suggested to set the PREG attribute to 1.
WARNING: [DRC DPOP-2] MREG Output pipelining: DSP fsmc/fsmt/aluUnit/out0 multiplier stage fsmc/fsmt/aluUnit/out0/P[47:0] is not pipelined (MREG=0). Pipelining the multiplier function will improve performance and will save significant power so it is suggested whenever possible to fully pipeline this function.  If this multiplier was inferred, it is suggested to describe an additional register stage after this function.  If there is no registered adder/accumulator following the multiply function, two pipeline stages are suggested to allow both the MREG and PREG registers to be used.  If the DSP48 was instantiated in the design, it is suggested to set both the MREG and PREG attributes to 1 when performing multiply functions.
WARNING: [DRC DPOP-2] MREG Output pipelining: DSP fsmc/inmode/aluUnit/out0 multiplier stage fsmc/inmode/aluUnit/out0/P[47:0] is not pipelined (MREG=0). Pipelining the multiplier function will improve performance and will save significant power so it is suggested whenever possible to fully pipeline this function.  If this multiplier was inferred, it is suggested to describe an additional register stage after this function.  If there is no registered adder/accumulator following the multiply function, two pipeline stages are suggested to allow both the MREG and PREG registers to be used.  If the DSP48 was instantiated in the design, it is suggested to set both the MREG and PREG attributes to 1 when performing multiply functions.
INFO: [Vivado 12-3199] DRC finished with 0 Errors, 6 Warnings
INFO: [Vivado 12-3200] Please refer to the DRC report (report_drc) for more information.
INFO: [Designutils 20-2272] Running write_bitstream with 2 threads.
Loading data files...
Loading site data...
Loading route data...
Processing options...
Creating bitmap...
Creating bitstream...
Bitstream compression saved 13445280 bits.
Writing bitstream ./au_top_0.bit...
Writing bitstream ./au_top_0.bin...
INFO: [Vivado 12-1842] Bitgen Completed Successfully.
INFO: [Project 1-120] WebTalk data collection is mandatory when using a WebPACK part without a full Vivado license. To see the specific WebTalk data collected for your design, open the usage_statistics_webtalk.html or usage_statistics_webtalk.xml file in the implementation directory.
INFO: [Common 17-83] Releasing license: Implementation
12 Infos, 6 Warnings, 0 Critical Warnings and 0 Errors encountered.
write_bitstream completed successfully
write_bitstream: Time (s): cpu = 00:00:17 ; elapsed = 00:00:22 . Memory (MB): peak = 2013.438 ; gain = 432.645
INFO: [Common 17-206] Exiting Vivado at Tue Mar 15 17:23:27 2022...
[Tue Mar 15 17:23:32 2022] impl_1 finished
wait_on_run: Time (s): cpu = 00:00:00 ; elapsed = 00:01:53 . Memory (MB): peak = 999.246 ; gain = 0.000
INFO: [Common 17-206] Exiting Vivado at Tue Mar 15 17:23:32 2022...
Vivado exited.

Finished building project.
